<?xml version="1.0" encoding="UTF-8"?>
<testsuite name="com.example.flink_qa_challenge.TestRunnerTest" tests="1" skipped="0" failures="0" errors="0" timestamp="2021-12-20T02:20:26" hostname="luis-zymewire" time="4.461">
  <properties/>
  <testcase name="userDecidesProductPurchaseHomePage" classname="com.example.flink_qa_challenge.TestRunnerTest" time="4.461"/>
  <system-out><![CDATA[jose intensive care aloe body lotion
boris almond and honey
The elements that matched arejose intensive care aloe body lotionandjose intensive care aloe body lotion
Jose Intensive Care Aloe Body Lotion
The elements that matched areboris almond and honeyandboris almond and honey
Element is no longer null and it matched
Boris Almond and Honey
2
4
<div class="text-center col-4">Jose Intensive Care Aloe Body Lotion
Price: Rs. 216
Add</div>
<div class="text-center col-4">Boris Almond and Honey
Price: 128
Add</div>
order successful
]]></system-out>
  <system-err><![CDATA[[Test worker] INFO com.codeborne.selenide.drivercommands.CloseDriverCommand - Close webdriver: 1 -> ChromeDriver: chrome on LINUX (f5a3a57a3971a977b559fcca68d8fc6d)...
[Test worker] INFO com.codeborne.selenide.drivercommands.CloseDriverCommand - Closed webdriver 1 in 80 ms
]]></system-err>
</testsuite>
