<?xml version="1.0" encoding="UTF-8"?>
<testsuite name="com.example.flink_qa_challenge.TestRunnerTest" tests="1" skipped="0" failures="0" errors="0" timestamp="2021-12-20T16:23:52" hostname="luis-zymewire" time="4.875">
  <properties/>
  <testcase name="userDecidesProductPurchaseHomePage" classname="com.example.flink_qa_challenge.TestRunnerTest" time="4.875"/>
  <system-out><![CDATA[vassily brilliant spf-30
gary bio sandalwood spf-50
The elements that matched arevassily brilliant spf-30andvassily brilliant spf-30
Element is no longer null and it matched
Vassily Brilliant SPF-30
The elements that matched aregary bio sandalwood spf-50andgary bio sandalwood spf-50
Element is no longer null and it matched
Gary Bio Sandalwood SPF-50
order successful
]]></system-out>
  <system-err><![CDATA[[Test worker] INFO com.codeborne.selenide.drivercommands.CloseDriverCommand - Close webdriver: 1 -> ChromeDriver: chrome on LINUX (6fac07af92930797c93787bc8745a4c4)...
[Test worker] INFO com.codeborne.selenide.drivercommands.CloseDriverCommand - Closed webdriver 1 in 80 ms
]]></system-err>
</testsuite>
